Started at Sun Jul 18 16:19:26 UTC 2021
Processing maven
Offering maven to Project Build Discarder
Processing maven1
Offering maven1 to Project Build Discarder
Processing my-akmal
Offering my-akmal to Project Build Discarder
Processing test
Offering test to Project Build Discarder
Finished at Sun Jul 18 16:19:26 UTC 2021. 1ms
Started at Sun Jul 18 17:19:26 UTC 2021
Processing maven
Offering maven to Project Build Discarder
Processing maven1
Offering maven1 to Project Build Discarder
Processing my-akmal
Offering my-akmal to Project Build Discarder
Processing test
Offering test to Project Build Discarder
Finished at Sun Jul 18 17:19:26 UTC 2021. 1ms
Started at Sun Jul 18 18:19:26 UTC 2021
Processing maven
Offering maven to Project Build Discarder
Processing maven1
Offering maven1 to Project Build Discarder
Processing my-akmal
Offering my-akmal to Project Build Discarder
Processing test
Offering test to Project Build Discarder
Finished at Sun Jul 18 18:19:26 UTC 2021. 1ms
Started at Sun Jul 18 19:19:26 UTC 2021
Processing maven
Offering maven to Project Build Discarder
Processing maven1
Offering maven1 to Project Build Discarder
Processing my-akmal
Offering my-akmal to Project Build Discarder
Processing test
Offering test to Project Build Discarder
Finished at Sun Jul 18 19:19:26 UTC 2021. 1ms
Started at Sun Jul 18 20:19:26 UTC 2021
Processing maven
Offering maven to Project Build Discarder
Processing maven1
Offering maven1 to Project Build Discarder
Processing my-akmal
Offering my-akmal to Project Build Discarder
Processing test
Offering test to Project Build Discarder
Finished at Sun Jul 18 20:19:26 UTC 2021. 1ms
Started at Sun Jul 18 21:19:26 UTC 2021
Processing maven
Offering maven to Project Build Discarder
Processing maven1
Offering maven1 to Project Build Discarder
Processing my-akmal
Offering my-akmal to Project Build Discarder
Processing test
Offering test to Project Build Discarder
Finished at Sun Jul 18 21:19:26 UTC 2021. 1ms
Started at Sun Jul 18 22:19:26 UTC 2021
Processing maven
Offering maven to Project Build Discarder
Processing maven1
Offering maven1 to Project Build Discarder
Processing my-akmal
Offering my-akmal to Project Build Discarder
Processing test
Offering test to Project Build Discarder
Finished at Sun Jul 18 22:19:26 UTC 2021. 1ms
Started at Sun Jul 18 23:19:26 UTC 2021
Processing maven
Offering maven to Project Build Discarder
Processing maven1
Offering maven1 to Project Build Discarder
Processing my-akmal
Offering my-akmal to Project Build Discarder
Processing test
Offering test to Project Build Discarder
Finished at Sun Jul 18 23:19:26 UTC 2021. 1ms
Started at Mon Jul 19 00:19:26 UTC 2021
Processing maven
Offering maven to Project Build Discarder
Processing maven1
Offering maven1 to Project Build Discarder
Processing my-akmal
Offering my-akmal to Project Build Discarder
Processing test
Offering test to Project Build Discarder
Finished at Mon Jul 19 00:19:26 UTC 2021. 1ms
